<?xml version="1.0" encoding="UTF-8"?>
<!-- Generated by org.testng.reporters.JUnitXMLReporter -->
<testsuite ignored="1" hostname="LAPTOP-HRL9OCDL" failures="0" tests="1" name="Default test" time="26.613" errors="0" timestamp="2023-10-02T17:43:42 IST">
  <testcase classname="makeMyTrip_web.Logo_Validation" name="findflights" time="22.228"/>
  <testcase classname="makeMyTrip_web.Logo_Validation" name="logoValidation" time="0.0">
    <ignored/>
  </testcase> <!-- logoValidation -->
</testsuite> <!-- Default test -->
